c:\users\yarden\desktop\anubisedr\anubisdriver\x64\debug\vc143.pdb
c:\users\yarden\desktop\anubisedr\x64\debug\anubisdriver.sys
c:\users\yarden\desktop\anubisedr\x64\debug\anubisdriver.cer
c:\users\yarden\desktop\anubisedr\anubisdriver\x64\debug\disassembly.obj
c:\users\yarden\desktop\anubisedr\anubisdriver\x64\debug\dllmain.obj
c:\users\yarden\desktop\anubisedr\anubisdriver\x64\debug\drv.obj
c:\users\yarden\desktop\anubisedr\anubisdriver\x64\debug\hook.obj
c:\users\yarden\desktop\anubisedr\anubisdriver\x64\debug\injection.obj
c:\users\yarden\desktop\anubisedr\anubisdriver\x64\debug\memory_utils.obj
c:\users\yarden\desktop\anubisedr\anubisdriver\x64\debug\processmonior.obj
c:\users\yarden\desktop\anubisedr\anubisdriver\x64\debug\trampoline.obj
c:\users\yarden\desktop\anubisedr\x64\debug\anubisdriver.pdb
c:\users\yarden\desktop\anubisedr\anubisdriver\x64\debug\anubisdriver.tlog\cl.command.1.tlog
c:\users\yarden\desktop\anubisedr\anubisdriver\x64\debug\anubisdriver.tlog\cl.items.tlog
c:\users\yarden\desktop\anubisedr\anubisdriver\x64\debug\anubisdriver.tlog\cl.read.1.tlog
c:\users\yarden\desktop\anubisedr\anubisdriver\x64\debug\anubisdriver.tlog\cl.write.1.tlog
c:\users\yarden\desktop\anubisedr\anubisdriver\x64\debug\anubisdriver.tlog\link.command.1.tlog
c:\users\yarden\desktop\anubisedr\anubisdriver\x64\debug\anubisdriver.tlog\link.secondary.1.tlog
c:\users\yarden\desktop\anubisedr\anubisdriver\x64\debug\anubisdriver.tlog\signtool.command.1.tlog
c:\users\yarden\desktop\anubisedr\anubisdriver\x64\debug\anubisdriver.tlog\signtool.read.1.tlog
c:\users\yarden\desktop\anubisedr\anubisdriver\x64\debug\anubisdriver.tlog\signtool.timestamp.1.tlog
c:\users\yarden\desktop\anubisedr\anubisdriver\x64\debug\anubisdriver.tlog\signtool.write.1.tlog
