c:\users\yarden\desktop\anubisedr\anubisedr\x64\debug\vc143.pdb
c:\users\yarden\desktop\anubisedr\anubisedr\x64\debug\vc143.idb
c:\users\yarden\desktop\anubisedr\anubisedr\x64\debug\disassembly.nativecodeanalysis.sarif
c:\users\yarden\desktop\anubisedr\anubisedr\x64\debug\disassembly.nativecodeanalysis.xml
c:\users\yarden\desktop\anubisedr\anubisedr\x64\debug\dllmain.nativecodeanalysis.sarif
c:\users\yarden\desktop\anubisedr\anubisedr\x64\debug\dllmain.nativecodeanalysis.xml
c:\users\yarden\desktop\anubisedr\anubisedr\x64\debug\hook.nativecodeanalysis.sarif
c:\users\yarden\desktop\anubisedr\anubisedr\x64\debug\hook.nativecodeanalysis.xml
c:\users\yarden\desktop\anubisedr\anubisedr\x64\debug\memory_utils.nativecodeanalysis.sarif
c:\users\yarden\desktop\anubisedr\anubisedr\x64\debug\memory_utils.nativecodeanalysis.xml
c:\users\yarden\desktop\anubisedr\anubisedr\x64\debug\trampoline.nativecodeanalysis.sarif
c:\users\yarden\desktop\anubisedr\anubisedr\x64\debug\trampoline.nativecodeanalysis.xml
c:\users\yarden\desktop\anubisedr\anubisedr\x64\debug\trampoline.obj
c:\users\yarden\desktop\anubisedr\anubisedr\x64\debug\memory_utils.obj
c:\users\yarden\desktop\anubisedr\anubisedr\x64\debug\hook.obj
c:\users\yarden\desktop\anubisedr\anubisedr\x64\debug\dllmain.obj
c:\users\yarden\desktop\anubisedr\anubisedr\x64\debug\disassembly.obj
c:\users\yarden\desktop\anubisedr\x64\debug\anubisedr.exe
c:\users\yarden\desktop\anubisedr\x64\debug\anubisedr.pdb
c:\users\yarden\desktop\anubisedr\anubisedr\x64\debug\anubisedr.ilk
c:\users\yarden\desktop\anubisedr\anubisedr\x64\debug\vc.nativecodeanalysis.all.xml
c:\users\yarden\desktop\anubisedr\anubisedr\x64\debug\anubisedr.tlog\cl.command.1.tlog
c:\users\yarden\desktop\anubisedr\anubisedr\x64\debug\anubisedr.tlog\cl.items.tlog
c:\users\yarden\desktop\anubisedr\anubisedr\x64\debug\anubisedr.tlog\cl.read.1.tlog
c:\users\yarden\desktop\anubisedr\anubisedr\x64\debug\anubisedr.tlog\cl.write.1.tlog
c:\users\yarden\desktop\anubisedr\anubisedr\x64\debug\anubisedr.tlog\link.command.1.tlog
c:\users\yarden\desktop\anubisedr\anubisedr\x64\debug\anubisedr.tlog\link.read.1.tlog
c:\users\yarden\desktop\anubisedr\anubisedr\x64\debug\anubisedr.tlog\link.secondary.1.tlog
c:\users\yarden\desktop\anubisedr\anubisedr\x64\debug\anubisedr.tlog\link.write.1.tlog
